<?xml version="1.0" encoding="UTF-8"?>
<testng-results skipped="0" failed="0" total="1" passed="1">
  <reporter-output>
  </reporter-output>
  <suite name="Trigent Automation Framework" duration-ms="81666" started-at="2017-05-31T11:28:47Z" finished-at="2017-05-31T11:30:09Z">
    <groups>
    </groups>
    <test name="Set-1" duration-ms="81666" started-at="2017-05-31T11:28:47Z" finished-at="2017-05-31T11:30:09Z">
      <class name="test.LoginTest">
        <test-method status="PASS" signature="setUp(java.lang.String)[pri:0, instance:test.LoginTest@dd0c991]" name="setUp" is-config="true" duration-ms="30831" started-at="2017-05-31T16:58:47Z" finished-at="2017-05-31T16:59:18Z">
          <params>
            <param index="0">
              <value>
                <![CDATA[Android]]>
              </value>
            </param>
          </params>
          <reporter-output>
          </reporter-output>
        </test-method> <!-- setUp -->
        <test-method status="PASS" signature="setUp()[pri:0, instance:test.LoginTest@dd0c991]" name="setUp" is-config="true" duration-ms="0" started-at="2017-05-31T16:59:18Z" finished-at="2017-05-31T16:59:18Z">
          <reporter-output>
          </reporter-output>
        </test-method> <!-- setUp -->
        <test-method status="PASS" signature="logintoApp()[pri:1, instance:test.LoginTest@dd0c991]" name="logintoApp" duration-ms="45907" started-at="2017-05-31T16:59:18Z" finished-at="2017-05-31T17:00:04Z">
          <reporter-output>
          </reporter-output>
        </test-method> <!-- logintoApp -->
        <test-method status="PASS" signature="quitDriver()[pri:0, instance:test.LoginTest@dd0c991]" name="quitDriver" is-config="true" duration-ms="4912" started-at="2017-05-31T17:00:04Z" finished-at="2017-05-31T17:00:09Z">
          <reporter-output>
          </reporter-output>
        </test-method> <!-- quitDriver -->
      </class> <!-- test.LoginTest -->
    </test> <!-- Set-1 -->
  </suite> <!-- Trigent Automation Framework -->
</testng-results>
