<?xml version="1.0" encoding="UTF-8"?>
<testng-results skipped="0" failed="0" total="0" passed="0">
  <reporter-output>
  </reporter-output>
  <suite name="Trigent Automation Framework" duration-ms="37" started-at="2017-07-19T07:33:42Z" finished-at="2017-07-19T07:33:42Z">
    <groups>
    </groups>
    <test name="Test1" duration-ms="7" started-at="2017-07-19T07:33:42Z" finished-at="2017-07-19T07:33:42Z">
    </test> <!-- Test1 -->
    <test name="Test2" duration-ms="1" started-at="2017-07-19T07:33:42Z" finished-at="2017-07-19T07:33:42Z">
    </test> <!-- Test2 -->
  </suite> <!-- Trigent Automation Framework -->
</testng-results>
